c:\users\murhad\desktop\tp1-h20\tp1-h20-windows\tp1-h20\x64\debug\vc142.pdb
c:\users\murhad\desktop\tp1-h20\tp1-h20-windows\tp1-h20\x64\debug\vc142.idb
c:\users\murhad\desktop\tp1-h20\tp1-h20-windows\tp1-h20\x64\debug\main.obj
c:\users\murhad\desktop\tp1-h20\tp1-h20-windows\tp1-h20\x64\debug\auteur.obj
c:\users\murhad\desktop\tp1-h20\tp1-h20-windows\tp1-h20\x64\debug\gestionnaireauteurs.obj
c:\users\murhad\desktop\tp1-h20\tp1-h20-windows\tp1-h20\x64\debug\film.obj
c:\users\murhad\desktop\tp1-h20\tp1-h20-windows\tp1-h20\x64\debug\maintest.obj
c:\users\murhad\desktop\tp1-h20\tp1-h20-windows\tp1-h20\x64\debug\utilisateur.obj
c:\users\murhad\desktop\tp1-h20\tp1-h20-windows\tp1-h20\x64\debug\librairie.obj
c:\users\murhad\desktop\tp1-h20\tp1-h20-windows\x64\debug\tp1-h20.exe
c:\users\murhad\desktop\tp1-h20\tp1-h20-windows\x64\debug\tp1-h20.ilk
c:\users\murhad\desktop\tp1-h20\tp1-h20-windows\x64\debug\tp1-h20.pdb
c:\users\murhad\desktop\tp1-h20\tp1-h20-windows\tp1-h20\x64\debug\gestionnaireauteurs.obj.enc
c:\users\murhad\desktop\tp1-h20\tp1-h20-windows\tp1-h20\x64\debug\librairie.obj.enc
c:\users\murhad\desktop\tp1-h20\tp1-h20-windows\tp1-h20\x64\debug\main.new.obj.enc
c:\users\murhad\desktop\tp1-h20\tp1-h20-windows\tp1-h20\x64\debug\tp1-h20.tlog\cl.command.1.tlog
c:\users\murhad\desktop\tp1-h20\tp1-h20-windows\tp1-h20\x64\debug\tp1-h20.tlog\cl.read.1.tlog
c:\users\murhad\desktop\tp1-h20\tp1-h20-windows\tp1-h20\x64\debug\tp1-h20.tlog\cl.write.1.tlog
c:\users\murhad\desktop\tp1-h20\tp1-h20-windows\tp1-h20\x64\debug\tp1-h20.tlog\link.command.1.tlog
c:\users\murhad\desktop\tp1-h20\tp1-h20-windows\tp1-h20\x64\debug\tp1-h20.tlog\link.read.1.tlog
c:\users\murhad\desktop\tp1-h20\tp1-h20-windows\tp1-h20\x64\debug\tp1-h20.tlog\link.write.1.tlog
